<?xml version="1.0" encoding="UTF-8"?>
<robot generator="Robot 3.1.2 (Python 3.6.1 on win32)" generated="20200824 11:09:56.765" rpa="false">
<suite id="s1" name="Openchrome" source="C:\Users\NEMERA\desktop\KP\Openchrome.robot">
<test id="s1-t1" name="Searching">
<kw name="Open Web browser">
<tags>
<tag>OpenbroswerToSearch</tag>
</tags>
<kw name="Open Browser" library="SeleniumLibrary">
<doc>Opens a new browser instance to the optional ``url``.</doc>
<arguments>
<arg>${address}</arg>
<arg>${browser}</arg>
</arguments>
<msg timestamp="20200824 11:09:56.931" level="INFO">Opening browser 'Chrome' to base url 'http://www.google.co.th'.</msg>
<status status="PASS" starttime="20200824 11:09:56.931" endtime="20200824 11:10:01.051"></status>
</kw>
<kw name="Wait Until Page Contains" library="SeleniumLibrary">
<doc>Waits until ``text`` appears on the current page.</doc>
<arguments>
<arg>google</arg>
</arguments>
<status status="PASS" starttime="20200824 11:10:01.051" endtime="20200824 11:10:01.066"></status>
</kw>
<kw name="Input Text" library="SeleniumLibrary">
<doc>Types the given ``text`` into the text field identified by ``locator``.</doc>
<arguments>
<arg>q</arg>
<arg>${text}</arg>
</arguments>
<msg timestamp="20200824 11:10:01.066" level="INFO">Typing text 'automate test tutorial' into text field 'q'.</msg>
<status status="PASS" starttime="20200824 11:10:01.066" endtime="20200824 11:10:01.663"></status>
</kw>
<kw name="Click Button" library="SeleniumLibrary">
<doc>Clicks the button identified by ``locator``.</doc>
<arguments>
<arg>btnK</arg>
</arguments>
<msg timestamp="20200824 11:10:01.663" level="INFO">Clicking button 'btnK'.</msg>
<status status="PASS" starttime="20200824 11:10:01.663" endtime="20200824 11:10:03.279"></status>
</kw>
<kw name="Capture Page Screenshot" library="SeleniumLibrary">
<doc>Takes a screenshot of the current page and embeds it into a log file.</doc>
<msg timestamp="20200824 11:10:03.588" level="INFO" html="yes">&lt;/td&gt;&lt;/tr&gt;&lt;tr&gt;&lt;td colspan="3"&gt;&lt;a href="selenium-screenshot-1.png"&gt;&lt;img src="selenium-screenshot-1.png" width="800px"&gt;&lt;/a&gt;</msg>
<status status="PASS" starttime="20200824 11:10:03.280" endtime="20200824 11:10:03.588"></status>
</kw>
<status status="PASS" starttime="20200824 11:09:56.930" endtime="20200824 11:10:03.588"></status>
</kw>
<status status="PASS" starttime="20200824 11:09:56.930" endtime="20200824 11:10:03.588" critical="yes"></status>
</test>
<kw name="Close All Browsers" library="SeleniumLibrary" type="teardown">
<doc>Closes all open browsers and resets the browser cache.</doc>
<status status="PASS" starttime="20200824 11:10:03.592" endtime="20200824 11:10:05.784"></status>
</kw>
<status status="PASS" starttime="20200824 11:09:56.766" endtime="20200824 11:10:05.784"></status>
</suite>
<statistics>
<total>
<stat pass="1" fail="0">Critical Tests</stat>
<stat pass="1" fail="0">All Tests</stat>
</total>
<tag>
</tag>
<suite>
<stat pass="1" fail="0" id="s1" name="Openchrome">Openchrome</stat>
</suite>
</statistics>
<errors>
</errors>
</robot>
