<?xml version="1.0" encoding="UTF-8"?>
<robot generator="Robot 3.1.2 (Python 3.6.1 on win32)" generated="20200824 15:52:54.922" rpa="false">
<suite id="s1" name="Openchrome" source="C:\Users\NEMERA\desktop\KP\Openchrome.robot">
<test id="s1-t1" name="Searching">
<kw name="Open Web browser">
<tags>
<tag>OpenbroswerToSearch</tag>
</tags>
<kw name="Open Browser" library="SeleniumLibrary">
<doc>Opens a new browser instance to the optional ``url``.</doc>
<arguments>
<arg>${url_google}</arg>
<arg>${browser}</arg>
</arguments>
<msg timestamp="20200824 15:52:55.090" level="INFO">Opening browser 'Chrome' to base url 'http://www.google.co.th'.</msg>
<kw name="Capture Page Screenshot" library="SeleniumLibrary">
<doc>Takes a screenshot of the current page and embeds it into a log file.</doc>
<msg timestamp="20200824 15:53:10.182" level="INFO">Cannot capture screenshot because no browser is open.</msg>
<status status="PASS" starttime="20200824 15:53:10.181" endtime="20200824 15:53:10.182"></status>
</kw>
<msg timestamp="20200824 15:53:10.200" level="FAIL">SessionNotCreatedException: Message: session not created
from chrome not reachable
  (Session info: chrome=84.0.4147.135)
</msg>
<status status="FAIL" starttime="20200824 15:52:55.090" endtime="20200824 15:53:10.200"></status>
</kw>
<status status="FAIL" starttime="20200824 15:52:55.090" endtime="20200824 15:53:10.201"></status>
</kw>
<status status="FAIL" starttime="20200824 15:52:55.089" endtime="20200824 15:53:10.202" critical="yes">SessionNotCreatedException: Message: session not created
from chrome not reachable
  (Session info: chrome=84.0.4147.135)
</status>
</test>
<test id="s1-t2" name="Login">
<kw name="LoginFail">
<tags>
<tag>LoginFail</tag>
</tags>
<kw name="Open Browser" library="SeleniumLibrary">
<doc>Opens a new browser instance to the optional ``url``.</doc>
<arguments>
<arg>${url_facebook}</arg>
<arg>chrome</arg>
</arguments>
<msg timestamp="20200824 15:53:10.210" level="INFO">Opening browser 'chrome' to base url 'https://www.facebook.com/'.</msg>
<kw name="Capture Page Screenshot" library="SeleniumLibrary">
<doc>Takes a screenshot of the current page and embeds it into a log file.</doc>
<msg timestamp="20200824 15:53:25.356" level="INFO">Cannot capture screenshot because no browser is open.</msg>
<status status="PASS" starttime="20200824 15:53:25.356" endtime="20200824 15:53:25.357"></status>
</kw>
<msg timestamp="20200824 15:53:25.360" level="FAIL">SessionNotCreatedException: Message: session not created
from chrome not reachable
  (Session info: chrome=84.0.4147.135)
</msg>
<status status="FAIL" starttime="20200824 15:53:10.209" endtime="20200824 15:53:25.360"></status>
</kw>
<status status="FAIL" starttime="20200824 15:53:10.209" endtime="20200824 15:53:25.360"></status>
</kw>
<status status="FAIL" starttime="20200824 15:53:10.209" endtime="20200824 15:53:25.361" critical="yes">SessionNotCreatedException: Message: session not created
from chrome not reachable
  (Session info: chrome=84.0.4147.135)
</status>
</test>
<kw name="Close All Browsers" library="SeleniumLibrary" type="teardown">
<doc>Closes all open browsers and resets the browser cache.</doc>
<status status="PASS" starttime="20200824 15:53:25.365" endtime="20200824 15:53:25.366"></status>
</kw>
<status status="FAIL" starttime="20200824 15:52:54.923" endtime="20200824 15:53:25.366"></status>
</suite>
<statistics>
<total>
<stat pass="0" fail="2">Critical Tests</stat>
<stat pass="0" fail="2">All Tests</stat>
</total>
<tag>
</tag>
<suite>
<stat pass="0" fail="2" id="s1" name="Openchrome">Openchrome</stat>
</suite>
</statistics>
<errors>
</errors>
</robot>
